18:30:20.887 [main] DEBUG org.apache.poi.ooxml.POIXMLFactory - using default POIXMLDocumentPart for http://schemas.openxmlformats.org/officeDocument/2006/relationships/printerSettings
18:30:21.087 [main] DEBUG org.apache.poi.openxml4j.opc.PackageRelationshipCollection - Parsing relationship: /xl/_rels/workbook.xml.rels
18:30:21.088 [main] DEBUG org.apache.poi.openxml4j.opc.PackageRelationshipCollection - Parsing relationship: /xl/worksheets/_rels/sheet1.xml.rels
18:30:21.089 [main] DEBUG org.apache.poi.openxml4j.opc.PackageRelationshipCollection - Parsing relationship: /_rels/.rels
18:30:21.104 [main] DEBUG org.apache.poi.ooxml.POIXMLFactory - using default POIXMLDocumentPart for http://schemas.openxmlformats.org/officeDocument/2006/relationships/printerSettings
18:30:21.147 [main] DEBUG org.apache.poi.openxml4j.opc.PackageRelationshipCollection - Parsing relationship: /xl/_rels/workbook.xml.rels
18:30:21.148 [main] DEBUG org.apache.poi.openxml4j.opc.PackageRelationshipCollection - Parsing relationship: /xl/worksheets/_rels/sheet1.xml.rels
18:30:21.149 [main] DEBUG org.apache.poi.openxml4j.opc.PackageRelationshipCollection - Parsing relationship: /_rels/.rels
18:30:21.161 [main] DEBUG org.apache.poi.ooxml.POIXMLFactory - using default POIXMLDocumentPart for http://schemas.openxmlformats.org/officeDocument/2006/relationships/printerSettings
18:30:21.183 [main] INFO  testCases.TC__002_LoginTestDDT - *** Started the test***
18:30:21.511 [main] INFO  testCases.TC__002_LoginTestDDT - *** Entered the user credentials ***
18:30:27.270 [main] INFO  testCases.TC__002_LoginTestDDT - *** Clicked the login_button ***
18:30:33.988 [main] INFO  testCases.TC__002_LoginTestDDT - Test executed successfully
18:30:34.098 [main] INFO  testCases.TC__002_LoginTestDDT - *** Started the test***
18:30:34.576 [main] INFO  testCases.TC__002_LoginTestDDT - *** Entered the user credentials ***
18:30:34.700 [main] INFO  testCases.TC__002_LoginTestDDT - *** Clicked the login_button ***
18:30:37.719 [main] INFO  testCases.TC__002_LoginTestDDT - Test executed successfully
18:30:37.722 [main] INFO  testCases.TC__002_LoginTestDDT - *** Started the test***
18:30:37.963 [main] INFO  testCases.TC__002_LoginTestDDT - *** Entered the user credentials ***
18:30:38.011 [main] INFO  testCases.TC__002_LoginTestDDT - *** Clicked the login_button ***
18:30:41.045 [main] INFO  testCases.TC__002_LoginTestDDT - Test executed successfully
19:09:54.488 [main] DEBUG io.netty.util.internal.logging.InternalLoggerFactory - Using Log4J2 as the default logging framework
19:09:54.550 [main] DEBUG io.netty.util.ResourceLeakDetector - -Dio.netty.leakDetection.level: simple
19:09:54.551 [main] DEBUG io.netty.util.ResourceLeakDetector - -Dio.netty.leakDetection.targetRecords: 4
19:09:54.561 [main] DEBUG io.netty.util.ResourceLeakDetectorFactory - Loaded default ResourceLeakDetector: io.netty.util.ResourceLeakDetector@5a5c128
19:09:54.686 [main] DEBUG io.netty.util.internal.PlatformDependent0 - -Dio.netty.noUnsafe: false
19:09:54.686 [main] DEBUG io.netty.util.internal.PlatformDependent0 - Java version: 11
19:09:54.715 [main] DEBUG io.netty.util.internal.PlatformDependent0 - sun.misc.Unsafe.theUnsafe: available
19:09:54.717 [main] DEBUG io.netty.util.internal.PlatformDependent0 - sun.misc.Unsafe.copyMemory: available
19:09:54.718 [main] DEBUG io.netty.util.internal.PlatformDependent0 - sun.misc.Unsafe.storeFence: available
19:09:54.719 [main] DEBUG io.netty.util.internal.PlatformDependent0 - java.nio.Buffer.address: available
19:09:54.719 [main] DEBUG io.netty.util.internal.PlatformDependent0 - direct buffer constructor: unavailable: Reflective setAccessible(true) disabled
19:09:54.721 [main] DEBUG io.netty.util.internal.PlatformDependent0 - java.nio.Bits.unaligned: available, true
19:09:54.722 [main] DEBUG io.netty.util.internal.PlatformDependent0 - jdk.internal.misc.Unsafe.allocateUninitializedArray(int): unavailable: class io.netty.util.internal.PlatformDependent0$7 cannot access class jdk.internal.misc.Unsafe (in module java.base) because module java.base does not export jdk.internal.misc to unnamed module @f8908f6
19:09:54.724 [main] DEBUG io.netty.util.internal.PlatformDependent0 - java.nio.DirectByteBuffer.<init>(long, int): unavailable
19:09:54.724 [main] DEBUG io.netty.util.internal.PlatformDependent - sun.misc.Unsafe: available
19:09:54.725 [main] DEBUG io.netty.util.internal.PlatformDependent - maxDirectMemory: 2126512128 bytes (maybe)
19:09:54.726 [main] DEBUG io.netty.util.internal.PlatformDependent - -Dio.netty.tmpdir: C:\Users\karth\AppData\Local\Temp (java.io.tmpdir)
19:09:54.726 [main] DEBUG io.netty.util.internal.PlatformDependent - -Dio.netty.bitMode: 64 (sun.arch.data.model)
19:09:54.727 [main] DEBUG io.netty.util.internal.PlatformDependent - Platform: Windows
19:09:54.729 [main] DEBUG io.netty.util.internal.PlatformDependent - -Dio.netty.maxDirectMemory: -1 bytes
19:09:54.729 [main] DEBUG io.netty.util.internal.PlatformDependent - -Dio.netty.uninitializedArrayAllocationThreshold: -1
19:09:54.731 [main] DEBUG io.netty.util.internal.CleanerJava9 - java.nio.ByteBuffer.cleaner(): available
19:09:54.731 [main] DEBUG io.netty.util.internal.PlatformDependent - -Dio.netty.noPreferDirect: false
19:09:54.746 [main] DEBUG io.netty.util.internal.PlatformDependent - org.jctools-core.MpscChunkedArrayQueue: available
19:09:54.945 [main] DEBUG io.netty.util.internal.InternalThreadLocalMap - -Dio.netty.threadLocalMap.stringBuilder.initialSize: 1024
19:09:54.945 [main] DEBUG io.netty.util.internal.InternalThreadLocalMap - -Dio.netty.threadLocalMap.stringBuilder.maxSize: 4096
19:09:55.704 [main] DEBUG io.netty.handler.ssl.JdkSslContext - Default protocols (JDK): [TLSv1.3, TLSv1.2] 
19:09:55.704 [main] DEBUG io.netty.handler.ssl.JdkSslContext - Default cipher suites (JDK): [TLS_ECDHE_ECDSA_WITH_AES_256_GCM_SHA384, TLS_ECDHE_ECDSA_WITH_AES_128_GCM_SHA256, TLS_ECDHE_RSA_WITH_AES_128_GCM_SHA256, TLS_ECDHE_RSA_WITH_AES_256_GCM_SHA384, TLS_ECDHE_RSA_WITH_AES_128_CBC_SHA, TLS_ECDHE_RSA_WITH_AES_256_CBC_SHA, TLS_RSA_WITH_AES_128_GCM_SHA256, TLS_RSA_WITH_AES_128_CBC_SHA, TLS_RSA_WITH_AES_256_CBC_SHA, TLS_AES_128_GCM_SHA256, TLS_AES_256_GCM_SHA384]
19:09:55.788 [main] DEBUG io.netty.channel.MultithreadEventLoopGroup - -Dio.netty.eventLoopThreads: 8
19:09:55.804 [main] DEBUG io.netty.channel.nio.NioEventLoop - -Dio.netty.noKeySetOptimization: false
19:09:55.804 [main] DEBUG io.netty.channel.nio.NioEventLoop - -Dio.netty.selectorAutoRebuildThreshold: 512
19:09:55.897 [main] DEBUG io.netty.buffer.PooledByteBufAllocator - -Dio.netty.allocator.numHeapArenas: 8
19:09:55.897 [main] DEBUG io.netty.buffer.PooledByteBufAllocator - -Dio.netty.allocator.numDirectArenas: 8
19:09:55.897 [main] DEBUG io.netty.buffer.PooledByteBufAllocator - -Dio.netty.allocator.pageSize: 8192
19:09:55.898 [main] DEBUG io.netty.buffer.PooledByteBufAllocator - -Dio.netty.allocator.maxOrder: 9
19:09:55.898 [main] DEBUG io.netty.buffer.PooledByteBufAllocator - -Dio.netty.allocator.chunkSize: 4194304
19:09:55.898 [main] DEBUG io.netty.buffer.PooledByteBufAllocator - -Dio.netty.allocator.smallCacheSize: 256
19:09:55.898 [main] DEBUG io.netty.buffer.PooledByteBufAllocator - -Dio.netty.allocator.normalCacheSize: 64
19:09:55.898 [main] DEBUG io.netty.buffer.PooledByteBufAllocator - -Dio.netty.allocator.maxCachedBufferCapacity: 32768
19:09:55.898 [main] DEBUG io.netty.buffer.PooledByteBufAllocator - -Dio.netty.allocator.cacheTrimInterval: 8192
19:09:55.899 [main] DEBUG io.netty.buffer.PooledByteBufAllocator - -Dio.netty.allocator.cacheTrimIntervalMillis: 0
19:09:55.899 [main] DEBUG io.netty.buffer.PooledByteBufAllocator - -Dio.netty.allocator.useCacheForAllThreads: false
19:09:55.899 [main] DEBUG io.netty.buffer.PooledByteBufAllocator - -Dio.netty.allocator.maxCachedByteBuffersPerChunk: 1023
19:09:55.914 [main] DEBUG io.netty.buffer.ByteBufUtil - -Dio.netty.allocator.type: pooled
19:09:55.914 [main] DEBUG io.netty.buffer.ByteBufUtil - -Dio.netty.threadLocalDirectBufferSize: 0
19:09:55.914 [main] DEBUG io.netty.buffer.ByteBufUtil - -Dio.netty.maxThreadLocalCharBufferSize: 16384
19:09:57.898 [Forwarding newSession on session null to remote] DEBUG io.netty.channel.DefaultChannelId - -Dio.netty.processId: 9660 (auto-detected)
19:09:57.902 [Forwarding newSession on session null to remote] DEBUG io.netty.util.NetUtil - -Djava.net.preferIPv4Stack: false
19:09:57.903 [Forwarding newSession on session null to remote] DEBUG io.netty.util.NetUtil - -Djava.net.preferIPv6Addresses: false
19:09:58.206 [Forwarding newSession on session null to remote] DEBUG io.netty.util.NetUtilInitializations - Loopback interface: lo (Software Loopback Interface 1, 127.0.0.1)
19:09:58.207 [Forwarding newSession on session null to remote] DEBUG io.netty.util.NetUtil - Failed to get SOMAXCONN from sysctl and file \proc\sys\net\core\somaxconn. Default: 200
19:09:58.500 [Forwarding newSession on session null to remote] DEBUG io.netty.channel.DefaultChannelId - -Dio.netty.machineId: 40:f0:2f:ff:fe:f2:3f:2e (auto-detected)
19:09:58.614 [AsyncHttpClient-1-2] DEBUG io.netty.buffer.AbstractByteBuf - -Dio.netty.buffer.checkAccessible: true
19:09:58.614 [AsyncHttpClient-1-2] DEBUG io.netty.buffer.AbstractByteBuf - -Dio.netty.buffer.checkBounds: true
19:09:58.614 [AsyncHttpClient-1-2] DEBUG io.netty.util.ResourceLeakDetectorFactory - Loaded default ResourceLeakDetector: io.netty.util.ResourceLeakDetector@1b5876da
19:09:58.701 [AsyncHttpClient-1-2] DEBUG io.netty.util.Recycler - -Dio.netty.recycler.maxCapacityPerThread: 4096
19:09:58.702 [AsyncHttpClient-1-2] DEBUG io.netty.util.Recycler - -Dio.netty.recycler.ratio: 8
19:09:58.702 [AsyncHttpClient-1-2] DEBUG io.netty.util.Recycler - -Dio.netty.recycler.chunkSize: 32
19:09:58.702 [AsyncHttpClient-1-2] DEBUG io.netty.util.Recycler - -Dio.netty.recycler.blocking: false
19:10:14.510 [AsyncHttpClient-1-2] DEBUG io.netty.handler.codec.compression.Brotli - brotli4j not in the classpath; Brotli support will be unavailable.
19:10:15.529 [main] DEBUG io.netty.util.internal.ThreadLocalRandom - -Dio.netty.initialSeedUniquifier: 0x1af8857bd1241a57
19:10:26.982 [main] DEBUG org.apache.poi.openxml4j.opc.PackageRelationshipCollection - Parsing relationship: /xl/_rels/workbook.xml.rels
19:10:26.986 [main] DEBUG org.apache.poi.openxml4j.opc.PackageRelationshipCollection - Parsing relationship: /xl/worksheets/_rels/sheet1.xml.rels
19:10:26.989 [main] DEBUG org.apache.poi.openxml4j.opc.PackageRelationshipCollection - Parsing relationship: /_rels/.rels
19:10:35.293 [main] DEBUG org.apache.poi.ooxml.POIXMLFactory - using default POIXMLDocumentPart for http://schemas.openxmlformats.org/officeDocument/2006/relationships/printerSettings
19:10:35.971 [main] DEBUG org.apache.poi.openxml4j.opc.PackageRelationshipCollection - Parsing relationship: /xl/_rels/workbook.xml.rels
19:10:35.972 [main] DEBUG org.apache.poi.openxml4j.opc.PackageRelationshipCollection - Parsing relationship: /xl/worksheets/_rels/sheet1.xml.rels
19:10:35.974 [main] DEBUG org.apache.poi.openxml4j.opc.PackageRelationshipCollection - Parsing relationship: /_rels/.rels
19:10:35.993 [main] DEBUG org.apache.poi.ooxml.POIXMLFactory - using default POIXMLDocumentPart for http://schemas.openxmlformats.org/officeDocument/2006/relationships/printerSettings
19:10:36.019 [main] DEBUG org.apache.poi.openxml4j.opc.PackageRelationshipCollection - Parsing relationship: /xl/_rels/workbook.xml.rels
19:10:36.020 [main] DEBUG org.apache.poi.openxml4j.opc.PackageRelationshipCollection - Parsing relationship: /xl/worksheets/_rels/sheet1.xml.rels
19:10:36.021 [main] DEBUG org.apache.poi.openxml4j.opc.PackageRelationshipCollection - Parsing relationship: /_rels/.rels
19:10:36.043 [main] DEBUG org.apache.poi.ooxml.POIXMLFactory - using default POIXMLDocumentPart for http://schemas.openxmlformats.org/officeDocument/2006/relationships/printerSettings
19:10:36.160 [main] DEBUG org.apache.poi.openxml4j.opc.PackageRelationshipCollection - Parsing relationship: /xl/_rels/workbook.xml.rels
19:10:36.167 [main] DEBUG org.apache.poi.openxml4j.opc.PackageRelationshipCollection - Parsing relationship: /xl/worksheets/_rels/sheet1.xml.rels
19:10:36.170 [main] DEBUG org.apache.poi.openxml4j.opc.PackageRelationshipCollection - Parsing relationship: /_rels/.rels
19:10:36.188 [main] DEBUG org.apache.poi.ooxml.POIXMLFactory - using default POIXMLDocumentPart for http://schemas.openxmlformats.org/officeDocument/2006/relationships/printerSettings
19:10:36.210 [main] DEBUG org.apache.poi.openxml4j.opc.PackageRelationshipCollection - Parsing relationship: /xl/_rels/workbook.xml.rels
19:10:36.211 [main] DEBUG org.apache.poi.openxml4j.opc.PackageRelationshipCollection - Parsing relationship: /xl/worksheets/_rels/sheet1.xml.rels
19:10:36.212 [main] DEBUG org.apache.poi.openxml4j.opc.PackageRelationshipCollection - Parsing relationship: /_rels/.rels
19:10:36.242 [main] DEBUG org.apache.poi.ooxml.POIXMLFactory - using default POIXMLDocumentPart for http://schemas.openxmlformats.org/officeDocument/2006/relationships/printerSettings
19:10:36.255 [main] DEBUG org.apache.poi.openxml4j.opc.PackageRelationshipCollection - Parsing relationship: /xl/_rels/workbook.xml.rels
19:10:36.256 [main] DEBUG org.apache.poi.openxml4j.opc.PackageRelationshipCollection - Parsing relationship: /xl/worksheets/_rels/sheet1.xml.rels
19:10:36.257 [main] DEBUG org.apache.poi.openxml4j.opc.PackageRelationshipCollection - Parsing relationship: /_rels/.rels
19:10:36.283 [main] DEBUG org.apache.poi.ooxml.POIXMLFactory - using default POIXMLDocumentPart for http://schemas.openxmlformats.org/officeDocument/2006/relationships/printerSettings
19:10:36.319 [main] DEBUG org.apache.poi.openxml4j.opc.PackageRelationshipCollection - Parsing relationship: /xl/_rels/workbook.xml.rels
19:10:36.320 [main] DEBUG org.apache.poi.openxml4j.opc.PackageRelationshipCollection - Parsing relationship: /xl/worksheets/_rels/sheet1.xml.rels
19:10:36.321 [main] DEBUG org.apache.poi.openxml4j.opc.PackageRelationshipCollection - Parsing relationship: /_rels/.rels
19:10:36.333 [main] DEBUG org.apache.poi.ooxml.POIXMLFactory - using default POIXMLDocumentPart for http://schemas.openxmlformats.org/officeDocument/2006/relationships/printerSettings
19:10:36.355 [main] DEBUG org.apache.poi.openxml4j.opc.PackageRelationshipCollection - Parsing relationship: /xl/_rels/workbook.xml.rels
19:10:36.357 [main] DEBUG org.apache.poi.openxml4j.opc.PackageRelationshipCollection - Parsing relationship: /xl/worksheets/_rels/sheet1.xml.rels
19:10:36.358 [main] DEBUG org.apache.poi.openxml4j.opc.PackageRelationshipCollection - Parsing relationship: /_rels/.rels
19:10:36.373 [main] DEBUG org.apache.poi.ooxml.POIXMLFactory - using default POIXMLDocumentPart for http://schemas.openxmlformats.org/officeDocument/2006/relationships/printerSettings
19:10:36.397 [main] DEBUG org.apache.poi.openxml4j.opc.PackageRelationshipCollection - Parsing relationship: /xl/_rels/workbook.xml.rels
19:10:36.403 [main] DEBUG org.apache.poi.openxml4j.opc.PackageRelationshipCollection - Parsing relationship: /xl/worksheets/_rels/sheet1.xml.rels
19:10:36.405 [main] DEBUG org.apache.poi.openxml4j.opc.PackageRelationshipCollection - Parsing relationship: /_rels/.rels
19:10:36.417 [main] DEBUG org.apache.poi.ooxml.POIXMLFactory - using default POIXMLDocumentPart for http://schemas.openxmlformats.org/officeDocument/2006/relationships/printerSettings
19:10:36.434 [main] DEBUG org.apache.poi.openxml4j.opc.PackageRelationshipCollection - Parsing relationship: /xl/_rels/workbook.xml.rels
19:10:36.435 [main] DEBUG org.apache.poi.openxml4j.opc.PackageRelationshipCollection - Parsing relationship: /xl/worksheets/_rels/sheet1.xml.rels
19:10:36.436 [main] DEBUG org.apache.poi.openxml4j.opc.PackageRelationshipCollection - Parsing relationship: /_rels/.rels
19:10:36.449 [main] DEBUG org.apache.poi.ooxml.POIXMLFactory - using default POIXMLDocumentPart for http://schemas.openxmlformats.org/officeDocument/2006/relationships/printerSettings
19:10:36.462 [main] DEBUG org.apache.poi.openxml4j.opc.PackageRelationshipCollection - Parsing relationship: /xl/_rels/workbook.xml.rels
19:10:36.463 [main] DEBUG org.apache.poi.openxml4j.opc.PackageRelationshipCollection - Parsing relationship: /xl/worksheets/_rels/sheet1.xml.rels
19:10:36.465 [main] DEBUG org.apache.poi.openxml4j.opc.PackageRelationshipCollection - Parsing relationship: /_rels/.rels
19:10:36.474 [main] DEBUG org.apache.poi.ooxml.POIXMLFactory - using default POIXMLDocumentPart for http://schemas.openxmlformats.org/officeDocument/2006/relationships/printerSettings
19:10:36.506 [main] INFO  testCases.TC__002_LoginTestDDT - *** Started the test***
19:10:37.182 [main] INFO  testCases.TC__002_LoginTestDDT - *** Entered the user credentials ***
19:10:42.204 [main] INFO  testCases.TC__002_LoginTestDDT - *** Clicked the login_button ***
19:10:50.813 [main] INFO  testCases.TC__002_LoginTestDDT - Test executed successfully
19:10:50.994 [main] INFO  testCases.TC__002_LoginTestDDT - *** Started the test***
19:10:51.679 [main] INFO  testCases.TC__002_LoginTestDDT - *** Entered the user credentials ***
19:10:51.744 [main] INFO  testCases.TC__002_LoginTestDDT - *** Clicked the login_button ***
19:10:59.296 [main] INFO  testCases.TC__002_LoginTestDDT - Test executed successfully
19:10:59.298 [main] INFO  testCases.TC__002_LoginTestDDT - *** Started the test***
19:11:00.317 [main] INFO  testCases.TC__002_LoginTestDDT - *** Entered the user credentials ***
19:11:00.371 [main] INFO  testCases.TC__002_LoginTestDDT - *** Clicked the login_button ***
19:11:03.379 [main] INFO  testCases.TC__002_LoginTestDDT - Test executed successfully
19:38:02.085 [main] INFO  testCases.TC__001_LoginTest - *** Landed on the login page ***
19:38:04.075 [main] INFO  testCases.TC__001_LoginTest - *** Entered the user credentials ***
19:38:08.958 [main] INFO  testCases.TC__001_LoginTest - *** Clicked the login_button ***
21:48:35.595 [main] INFO  testCases.TC__001_LoginTest - *** Landed on the login page ***
21:48:39.233 [main] INFO  testCases.TC__001_LoginTest - *** Entered the user credentials ***
21:48:43.597 [main] INFO  testCases.TC__001_LoginTest - *** Clicked the login_button ***
21:48:46.876 [main] INFO  testCases.TC__001_LoginTest - *** Test has been passed and validated ***
21:49:54.150 [main] INFO  testCases.TC__001_LoginTest - *** Landed on the login page ***
21:49:55.456 [main] INFO  testCases.TC__001_LoginTest - *** Entered the user credentials ***
21:49:57.418 [main] INFO  testCases.TC__001_LoginTest - *** Clicked the login_button ***
21:50:00.466 [main] INFO  testCases.TC__001_LoginTest - *** Test has been passed and validated ***
21:51:03.374 [main] INFO  testCases.TC__001_LoginTest - *** Landed on the login page ***
21:51:04.340 [main] INFO  testCases.TC__001_LoginTest - *** Entered the user credentials ***
21:51:04.432 [main] INFO  testCases.TC__001_LoginTest - *** Clicked the login_button ***
21:51:07.485 [main] INFO  testCases.TC__001_LoginTest - *** Test has been passed and validated ***
21:55:35.457 [main] INFO  testCases.TC__001_LoginTest - *** Landed on the login page ***
21:55:36.531 [main] INFO  testCases.TC__001_LoginTest - *** Entered the user credentials ***
21:55:36.599 [main] INFO  testCases.TC__001_LoginTest - *** Clicked the login_button ***
21:55:39.802 [main] INFO  testCases.TC__001_LoginTest - *** Test has been passed and validated ***
22:06:39.440 [main] INFO  testCases.TC__001_LoginTest - *** Landed on the login page ***
22:06:48.181 [main] INFO  testCases.TC__001_LoginTest - *** Entered the user credentials ***
22:06:50.870 [main] INFO  testCases.TC__001_LoginTest - *** Clicked the login_button ***
22:06:54.197 [main] INFO  testCases.TC__001_LoginTest - *** Test has been passed and validated ***
22:13:52.326 [main] INFO  testCases.TC__001_LoginTest - *** Landed on the login page ***
22:13:53.707 [main] INFO  testCases.TC__001_LoginTest - *** Entered the user credentials ***
22:13:57.220 [main] INFO  testCases.TC__001_LoginTest - *** Clicked the login_button ***
22:14:00.272 [main] INFO  testCases.TC__001_LoginTest - *** Test has been passed and validated ***
15:54:41.036 [main] INFO  testCases.TC__001_LoginTest - *** Landed on the login page ***
15:54:42.677 [main] INFO  testCases.TC__001_LoginTest - *** Entered the user credentials ***
15:54:47.577 [main] INFO  testCases.TC__001_LoginTest - *** Clicked the login_button ***
15:54:53.042 [main] INFO  testCases.TC__001_LoginTest - *** Test has been passed and validated ***
15:56:37.118 [main] INFO  testCases.TC__001_LoginTest - *** Landed on the login page ***
15:56:39.908 [main] INFO  testCases.TC__001_LoginTest - *** Entered the user credentials ***
15:56:42.344 [main] INFO  testCases.TC__001_LoginTest - *** Clicked the login_button ***
15:56:45.398 [main] INFO  testCases.TC__001_LoginTest - *** Test has been passed and validated ***
15:59:50.081 [main] INFO  testCases.TC__001_LoginTest - *** Landed on the login page ***
15:59:52.194 [main] INFO  testCases.TC__001_LoginTest - *** Entered the user credentials ***
15:59:52.257 [main] INFO  testCases.TC__001_LoginTest - *** Clicked the login_button ***
15:59:56.909 [main] INFO  testCases.TC__001_LoginTest - *** Test has been passed and validated ***
16:02:52.763 [main] INFO  testCases.TC__001_LoginTest - *** Landed on the login page ***
16:02:55.747 [main] INFO  testCases.TC__001_LoginTest - *** Entered the user credentials ***
16:03:00.725 [main] INFO  testCases.TC__001_LoginTest - *** Clicked the login_button ***
16:03:05.648 [main] INFO  testCases.TC__001_LoginTest - *** Test has been passed and validated ***
16:35:58.066 [main] INFO  testCases.TC__001_LoginTest - *** Landed on the login page ***
16:36:03.688 [main] INFO  testCases.TC__001_LoginTest - *** Entered the user credentials ***
16:36:07.532 [main] INFO  testCases.TC__001_LoginTest - *** Clicked the login_button ***
16:36:10.801 [main] INFO  testCases.TC__001_LoginTest - *** Test has been passed and validated ***
16:52:20.030 [main] INFO  testCases.TC__001_LoginTest - *** Landed on the login page ***
16:52:24.400 [main] INFO  testCases.TC__001_LoginTest - *** Entered the user credentials ***
16:52:29.885 [main] INFO  testCases.TC__001_LoginTest - *** Clicked the login_button ***
16:52:36.036 [main] INFO  testCases.TC__001_LoginTest - *** Test has been passed and validated ***
16:53:51.618 [main] INFO  testCases.TC__001_LoginTest - *** Landed on the login page ***
16:53:55.188 [main] INFO  testCases.TC__001_LoginTest - *** Entered the user credentials ***
16:53:57.775 [main] INFO  testCases.TC__001_LoginTest - *** Clicked the login_button ***
16:54:00.839 [main] INFO  testCases.TC__001_LoginTest - *** Test has been passed and validated ***
16:58:30.441 [main] INFO  testCases.TC__001_LoginTest - *** Landed on the login page ***
16:58:37.027 [main] INFO  testCases.TC__001_LoginTest - *** Entered the user credentials ***
16:58:44.158 [main] INFO  testCases.TC__001_LoginTest - *** Clicked the login_button ***
16:58:49.479 [main] INFO  testCases.TC__001_LoginTest - *** Test has been passed and validated ***
17:03:22.120 [main] INFO  testCases.TC__001_LoginTest - *** Landed on the login page ***
17:03:23.529 [main] INFO  testCases.TC__001_LoginTest - *** Entered the user credentials ***
17:03:23.591 [main] INFO  testCases.TC__001_LoginTest - *** Clicked the login_button ***
17:03:26.661 [main] INFO  testCases.TC__001_LoginTest - *** Test has been passed and validated ***
17:04:21.013 [main] INFO  testCases.TC__001_LoginTest - *** Landed on the login page ***
17:04:24.892 [main] INFO  testCases.TC__001_LoginTest - *** Entered the user credentials ***
17:04:24.945 [main] INFO  testCases.TC__001_LoginTest - *** Clicked the login_button ***
17:04:28.855 [main] INFO  testCases.TC__001_LoginTest - *** Test has been passed and validated ***
